<?xml version="1.0" encoding="UTF-8"?>
<testsuite xmlns:xsi="http://www.w3.org/2001/XMLSchema-instance" xsi:noNamespaceSchemaLocation="https://maven.apache.org/surefire/maven-surefire-plugin/xsd/surefire-test-report-3.0.xsd" version="3.0" name="TestSuite" time="59.451" tests="8" errors="0" skipped="0" failures="0">
  <properties>
[...]
</properties>
  <testcase name="login" classname="LoginFail" time="2.574"/>
  <testcase name="getLoginFailText" classname="LoginFail" time="0.058"/>
  <testcase name="openBrowser" classname="LoginPage" time="5.118"/>
  <testcase name="LoginPage" classname="LoginTest" time="1.102"/>
  <testcase name="LoginFail" classname="LoginTest" time="2.531"/>
  <testcase name="LoginFailText" classname="LoginTest" time="0.069"/>
  <testcase name="Login" classname="LoginTest" time="3.012"/>
  <testcase name="homepageTitle" classname="LoginTest" time="1.015"/>
</testsuite>